action: py38, msg: getenv
cwd: /home/cathal/Documents/cathal
cmd: /home/cathal/Documents/cathal/.tox/py38/bin/python -m pip install pytest
Collecting pytest
  Using cached pytest-6.0.1-py3-none-any.whl (270 kB)
Collecting attrs>=17.4.0
  Using cached attrs-19.3.0-py2.py3-none-any.whl (39 kB)
Collecting pluggy<1.0,>=0.12
  Using cached pluggy-0.13.1-py2.py3-none-any.whl (18 kB)
Collecting more-itertools>=4.0.0
  Using cached more_itertools-8.4.0-py3-none-any.whl (43 kB)
Requirement already satisfied: packaging in ./.tox/py38/lib/python3.8/site-packages (from pytest) (20.3)
Collecting iniconfig
  Using cached iniconfig-1.0.1-py3-none-any.whl (4.2 kB)
Collecting py>=1.8.2
  Using cached py-1.9.0-py2.py3-none-any.whl (99 kB)
Collecting toml
  Using cached toml-0.10.1-py2.py3-none-any.whl (19 kB)
Installing collected packages: attrs, pluggy, more-itertools, iniconfig, py, toml, pytest
Successfully installed attrs-19.3.0 iniconfig-1.0.1 more-itertools-8.4.0 pluggy-0.13.1 py-1.9.0 pytest-6.0.1 toml-0.10.1
